f:\c\hybrid\build_dynamic\engine\engine.dir\debug\vc143.pdb
f:\c\hybrid\build_dynamic\engine\engine.dir\debug\job_system.obj
f:\c\hybrid\build_dynamic\engine\engine.dir\debug\engine_test.obj
f:\c\hybrid\build_dynamic\engine\engine.dir\debug\engine_main.obj
f:\c\hybrid\build_dynamic\engine\engine.dir\debug\engine_api.obj
f:\c\hybrid\build_dynamic\engine\engine.dir\debug\engine.obj
f:\c\hybrid\build_dynamic\engine\cmakefiles\generate.stamp
f:\c\hybrid\build_dynamic\bin\debug\engine.exe
f:\c\hybrid\build_dynamic\bin\debug\engine.pdb
f:\c\hybrid\build_dynamic\engine\engine.dir\debug\engine.ilk
f:\c\hybrid\build_dynamic\engine\engine.dir\debug\engine.tlog\cl.command.1.tlog
f:\c\hybrid\build_dynamic\engine\engine.dir\debug\engine.tlog\cl.items.tlog
f:\c\hybrid\build_dynamic\engine\engine.dir\debug\engine.tlog\cl.read.1.tlog
f:\c\hybrid\build_dynamic\engine\engine.dir\debug\engine.tlog\cl.write.1.tlog
f:\c\hybrid\build_dynamic\engine\engine.dir\debug\engine.tlog\custombuild.command.1.tlog
f:\c\hybrid\build_dynamic\engine\engine.dir\debug\engine.tlog\custombuild.read.1.tlog
f:\c\hybrid\build_dynamic\engine\engine.dir\debug\engine.tlog\custombuild.write.1.tlog
f:\c\hybrid\build_dynamic\engine\engine.dir\debug\engine.tlog\link.command.1.tlog
f:\c\hybrid\build_dynamic\engine\engine.dir\debug\engine.tlog\link.read.1.tlog
f:\c\hybrid\build_dynamic\engine\engine.dir\debug\engine.tlog\link.secondary.1.tlog
f:\c\hybrid\build_dynamic\engine\engine.dir\debug\engine.tlog\link.write.1.tlog
