f:\c\hybrid\build_dynamic\engine\core\debug\core.pdb
f:\c\hybrid\build_dynamic\engine\core\core.dir\debug\sid_system.obj
f:\c\hybrid\build_dynamic\engine\core\core.dir\debug\reflect_system.obj
f:\c\hybrid\build_dynamic\engine\core\core.dir\debug\memory_system.obj
f:\c\hybrid\build_dynamic\engine\core\core.dir\debug\cvar_system.obj
f:\c\hybrid\build_dynamic\engine\core\core.dir\debug\core_module.obj
f:\c\hybrid\build_dynamic\engine\core\core.dir\debug\core_api.obj
f:\c\hybrid\build_dynamic\engine\core\core.dir\debug\core.obj
f:\c\hybrid\build_dynamic\engine\core\cmakefiles\generate.stamp
f:\c\hybrid\build_dynamic\engine\core\debug\core.lib
f:\c\hybrid\build_dynamic\engine\core\core.dir\debug\core.tlog\cl.command.1.tlog
f:\c\hybrid\build_dynamic\engine\core\core.dir\debug\core.tlog\cl.items.tlog
f:\c\hybrid\build_dynamic\engine\core\core.dir\debug\core.tlog\cl.read.1.tlog
f:\c\hybrid\build_dynamic\engine\core\core.dir\debug\core.tlog\cl.write.1.tlog
f:\c\hybrid\build_dynamic\engine\core\core.dir\debug\core.tlog\custombuild.command.1.tlog
f:\c\hybrid\build_dynamic\engine\core\core.dir\debug\core.tlog\custombuild.read.1.tlog
f:\c\hybrid\build_dynamic\engine\core\core.dir\debug\core.tlog\custombuild.write.1.tlog
f:\c\hybrid\build_dynamic\engine\core\core.dir\debug\core.tlog\lib-link.read.1.tlog
f:\c\hybrid\build_dynamic\engine\core\core.dir\debug\core.tlog\lib-link.write.1.tlog
f:\c\hybrid\build_dynamic\engine\core\core.dir\debug\core.tlog\lib.command.1.tlog
