  base_main.c
source\base/str_test.c(62): error C2220: the following warning is treated as an error
source\base/str_test.c(62): warning C4101: 'from_c': unreferenced local variable
source\base/str_test.c(47): warning C4101: 'shader': unreferenced local variable
source\base/str_test.c(57): warning C4101: 's': unreferenced local variable
source\base/str_test.c(98): warning C4101: 'trimmed': unreferenced local variable
source\base/str_test.c(93): warning C4101: 'ext': unreferenced local variable
source\base/str_test.c(103): warning C4101: 'greeting': unreferenced local variable
source\base/str_test.c(130): warning C4101: 'a': unreferenced local variable
source\base/str_test.c(131): warning C4101: 'b': unreferenced local variable
source\base/str_test.c(132): warning C4101: 'c': unreferenced local variable
source\base/str_test.c(156): warning C4101: 'last_ext': unreferenced local variable
source\base/str_test.c(144): warning C4101: 'sentence': unreferenced local variable
source\base/str_test.c(175): warning C4189: 'hash1': local variable is initialized but not referenced
source\base/str_test.c(176): warning C4189: 'hash2': local variable is initialized but not referenced
source\base/str_test.c(190): warning C4189: 'h64': local variable is initialized but not referenced
source\base/str_test.c(183): warning C4189: 'sub_hash': local variable is initialized but not referenced
source\base/str_test.c(232): warning C4101: 'value_str': unreferenced local variable
source\base/str_test.c(245): warning C4101: 'uval': unreferenced local variable
source\base/str_test.c(237): warning C4101: 'sval': unreferenced local variable
source\base/str_test.c(216): warning C4101: 'lval': unreferenced local variable
source\base/str_test.c(225): warning C4101: 'f32val': unreferenced local variable
source\base/str_test.c(219): warning C4101: 'fval': unreferenced local variable
source\base/str_test.c(209): warning C4101: 'ival': unreferenced local variable
source\base/str_test.c(291): warning C4101: 'view': unreferenced local variable
source\base/str_test.c(378): warning C4101: 'sh0': unreferenced local variable
source\base/str_test.c(381): warning C4101: 'sh1': unreferenced local variable
source\base/str_test.c(370): warning C4101: 'su1': unreferenced local variable
source\base/str_test.c(356): warning C4101: 's64': unreferenced local variable
source\base/str_test.c(384): warning C4101: 'sh2': unreferenced local variable
source\base/str_test.c(373): warning C4101: 'su2': unreferenced local variable
source\base/str_test.c(367): warning C4101: 'su0': unreferenced local variable
source\base/str_test.c(361): warning C4101: 'sf': unreferenced local variable
source\base/str_test.c(496): warning C4189: 'written': local variable is initialized but not referenced
source\base/str_test.c(550): warning C4101: 'stage': unreferenced local variable
source\base/str_test.c(574): warning C4101: 'a': unreferenced local variable
source\base/str_test.c(613): warning C4101: 'result': unreferenced local variable
source\base/str_test.c(578): warning C4101: 'b': unreferenced local variable
source\base/str_test.c(591): warning C4189: 'used_before': local variable is initialized but not referenced
source\base/str_test.c(629): warning C4101: 'dyn': unreferenced local variable
source\base/str_test.c(626): warning C4101: 'lit_s': unreferenced local variable
source\base/str_test.c(582): warning C4101: 'c': unreferenced local variable
source\base/str_test.c(594): warning C4101: 'tmp2': unreferenced local variable
source\base/str_test.c(618): warning C4101: 'fail': unreferenced local variable
source\base/str_test.c(593): warning C4101: 'tmp1': unreferenced local variable
  --- ORB Build Starting ---
  
  Config: Release
  Compiler: MSVC
  
  
  [CMD] cl.exe /nologo /W4 /WX /Zc:preprocessor /std:c11 /I source /Foobj/ /Fdobj/ /O2 /MD /DNDEBUG source/base/base_main.c /Fe:bin/orb_base.exe /link /DEBUG /PDB:bin/orb_base.pdb 
  
  FAILED!
C:\Program Files\Microsoft Visual Studio\18\Insiders\MSBuild\Microsoft\VC\v170\Microsoft.MakeFile.Targets(45,5): error MSB3073: The command "bin\build_tool.exe -config Release" exited with code 1.
