  sys.c
  core.c
F:\orb\source\engine\core\cvar/cvar.c(630): error C2220: the following warning is treated as an error
F:\orb\source\engine\core\cvar/cvar.c(630): warning C4996: 'strncpy': This function or variable may be unsafe. Consider using strncpy_s instead. To disable deprecation, use _CRT_SECURE_NO_WARNINGS. See online help for details.
F:\orb\source\engine\core\cvar/cvar_cmd.c(370): warning C4996: 'strcat': This function or variable may be unsafe. Consider using strcat_s instead. To disable deprecation, use _CRT_SECURE_NO_WARNINGS. See online help for details.
F:\orb\source\engine\core\cvar/cvar_cmd.c(371): warning C4996: 'strcat': This function or variable may be unsafe. Consider using strcat_s instead. To disable deprecation, use _CRT_SECURE_NO_WARNINGS. See online help for details.
F:\orb\source\engine\core\cvar/cvar_cmd.c(372): warning C4996: 'strcat': This function or variable may be unsafe. Consider using strcat_s instead. To disable deprecation, use _CRT_SECURE_NO_WARNINGS. See online help for details.
F:\orb\source\engine\core\cvar/cvar_cmd.c(373): warning C4996: 'strcat': This function or variable may be unsafe. Consider using strcat_s instead. To disable deprecation, use _CRT_SECURE_NO_WARNINGS. See online help for details.
F:\orb\source\engine\core\cvar/cvar_cmd.c(374): warning C4996: 'strcat': This function or variable may be unsafe. Consider using strcat_s instead. To disable deprecation, use _CRT_SECURE_NO_WARNINGS. See online help for details.
F:\orb\source\engine\core\cvar/cvar_cmd.c(375): warning C4996: 'strcat': This function or variable may be unsafe. Consider using strcat_s instead. To disable deprecation, use _CRT_SECURE_NO_WARNINGS. See online help for details.
F:\orb\source\engine\core\cvar/cvar_cmd.c(376): warning C4996: 'strcat': This function or variable may be unsafe. Consider using strcat_s instead. To disable deprecation, use _CRT_SECURE_NO_WARNINGS. See online help for details.
F:\orb\source\engine/core/core_api.c(12): fatal error C1083: Cannot open include file: 'engine_core.generated.h': No such file or directory
  mod.c
F:\orb\source\engine\mod\mod_internal.c(380): error C2220: the following warning is treated as an error
F:\orb\source\engine\mod\mod_internal.c(380): warning C4996: 'strncpy': This function or variable may be unsafe. Consider using strncpy_s instead. To disable deprecation, use _CRT_SECURE_NO_WARNINGS. See online help for details.
F:\orb\source\engine\mod\mod_internal.c(610): warning C4996: 'strncpy': This function or variable may be unsafe. Consider using strncpy_s instead. To disable deprecation, use _CRT_SECURE_NO_WARNINGS. See online help for details.
  Generating Code...
  --- ORB Build Starting ---
  
  Config: Debug
  Compiler: MSVC
  
  [CMD] cl.exe /c /nologo /W4 /WX /Zc:preprocessor /std:c11 /I source /Fobuild_new\obj\orb_engine/ /Fdbuild_new\obj\orb_engine/ /Zi /Od /MDd /D_DEBUG source/engine/sys/sys.c source/engine/core/core.c source/engine/mod/mod.c 
  
  FAILED!
C:\Program Files\Microsoft Visual Studio\18\Insiders\MSBuild\Microsoft\VC\v170\Microsoft.MakeFile.Targets(45,5): error MSB3073: The command "cd .. && bin\build_tool.exe -config Debug -target orb_engine" exited with code 1.
